{"/Users/samhouston/Desktop/project/chatto/src/redis.js":{"path":"/Users/samhouston/Desktop/project/chatto/src/redis.js","s":{"1":1,"2":1,"3":1,"4":1,"5":1,"6":1,"7":1,"8":0,"9":1,"10":1},"b":{"1":[0,1]},"f":{"1":1,"2":1,"3":1},"fnMap":{"1":{"name":"setData","line":4,"loc":{"start":{"line":4,"column":0},"end":{"line":4,"column":27}}},"2":{"name":"getData","line":8,"loc":{"start":{"line":8,"column":0},"end":{"line":8,"column":31}}},"3":{"name":"(anonymous_3)","line":9,"loc":{"start":{"line":9,"column":24},"end":{"line":9,"column":44}}}},"statementMap":{"1":{"start":{"line":1,"column":0},"end":{"line":1,"column":29}},"2":{"start":{"line":2,"column":0},"end":{"line":2,"column":34}},"3":{"start":{"line":4,"column":0},"end":{"line":6,"column":1}},"4":{"start":{"line":5,"column":4},"end":{"line":5,"column":81}},"5":{"start":{"line":8,"column":0},"end":{"line":15,"column":1}},"6":{"start":{"line":9,"column":4},"end":{"line":14,"column":7}},"7":{"start":{"line":10,"column":8},"end":{"line":13,"column":30}},"8":{"start":{"line":11,"column":12},"end":{"line":11,"column":29}},"9":{"start":{"line":13,"column":13},"end":{"line":13,"column":29}},"10":{"start":{"line":17,"column":0},"end":{"line":21,"column":2}}},"branchMap":{"1":{"line":10,"type":"if","locations":[{"start":{"line":10,"column":8},"end":{"line":10,"column":8}},{"start":{"line":10,"column":8},"end":{"line":10,"column":8}}]}}},"/Users/samhouston/Desktop/project/chatto/src/server.js":{"path":"/Users/samhouston/Desktop/project/chatto/src/server.js","s":{"1":1,"2":1,"3":1,"4":1,"5":1,"6":3,"7":3,"8":3,"9":2,"10":2,"11":0,"12":2,"13":2,"14":1,"15":1,"16":1,"17":1,"18":1,"19":0,"20":1,"21":1,"22":0,"23":0,"24":0,"25":0,"26":0,"27":0,"28":0,"29":0,"30":0,"31":0,"32":1,"33":1,"34":1,"35":1},"b":{"1":[2,1],"2":[0,2],"3":[1,0],"4":[0,1],"5":[0,0],"6":[0,0]},"f":{"1":3,"2":2,"3":1,"4":0},"fnMap":{"1":{"name":"handler","line":6,"loc":{"start":{"line":6,"column":0},"end":{"line":6,"column":26}}},"2":{"name":"(anonymous_2)","line":10,"loc":{"start":{"line":10,"column":50},"end":{"line":10,"column":73}}},"3":{"name":"(anonymous_3)","line":22,"loc":{"start":{"line":22,"column":46},"end":{"line":22,"column":68}}},"4":{"name":"(anonymous_4)","line":38,"loc":{"start":{"line":38,"column":39},"end":{"line":38,"column":54}}}},"statementMap":{"1":{"start":{"line":1,"column":0},"end":{"line":1,"column":27}},"2":{"start":{"line":2,"column":0},"end":{"line":2,"column":16}},"3":{"start":{"line":3,"column":0},"end":{"line":3,"column":23}},"4":{"start":{"line":4,"column":0},"end":{"line":4,"column":43}},"5":{"start":{"line":6,"column":0},"end":{"line":44,"column":1}},"6":{"start":{"line":7,"column":4},"end":{"line":7,"column":22}},"7":{"start":{"line":8,"column":4},"end":{"line":8,"column":21}},"8":{"start":{"line":9,"column":4},"end":{"line":43,"column":5}},"9":{"start":{"line":10,"column":8},"end":{"line":17,"column":11}},"10":{"start":{"line":11,"column":12},"end":{"line":16,"column":13}},"11":{"start":{"line":12,"column":16},"end":{"line":12,"column":35}},"12":{"start":{"line":14,"column":16},"end":{"line":14,"column":66}},"13":{"start":{"line":15,"column":16},"end":{"line":15,"column":31}},"14":{"start":{"line":19,"column":9},"end":{"line":43,"column":5}},"15":{"start":{"line":20,"column":8},"end":{"line":20,"column":23}},"16":{"start":{"line":21,"column":8},"end":{"line":21,"column":36}},"17":{"start":{"line":22,"column":8},"end":{"line":29,"column":11}},"18":{"start":{"line":23,"column":12},"end":{"line":28,"column":13}},"19":{"start":{"line":24,"column":16},"end":{"line":24,"column":35}},"20":{"start":{"line":26,"column":16},"end":{"line":26,"column":68}},"21":{"start":{"line":27,"column":16},"end":{"line":27,"column":30}},"22":{"start":{"line":31,"column":9},"end":{"line":43,"column":5}},"23":{"start":{"line":32,"column":8},"end":{"line":32,"column":48}},"24":{"start":{"line":33,"column":8},"end":{"line":33,"column":24}},"25":{"start":{"line":34,"column":8},"end":{"line":34,"column":27}},"26":{"start":{"line":35,"column":8},"end":{"line":35,"column":54}},"27":{"start":{"line":37,"column":9},"end":{"line":43,"column":5}},"28":{"start":{"line":38,"column":8},"end":{"line":42,"column":11}},"29":{"start":{"line":39,"column":12},"end":{"line":39,"column":45}},"30":{"start":{"line":40,"column":12},"end":{"line":40,"column":62}},"31":{"start":{"line":41,"column":12},"end":{"line":41,"column":26}},"32":{"start":{"line":46,"column":0},"end":{"line":46,"column":53}},"33":{"start":{"line":48,"column":0},"end":{"line":48,"column":63}},"34":{"start":{"line":50,"column":0},"end":{"line":53,"column":2}},"35":{"start":{"line":55,"column":0},"end":{"line":55,"column":36}}},"branchMap":{"1":{"line":9,"type":"if","locations":[{"start":{"line":9,"column":4},"end":{"line":9,"column":4}},{"start":{"line":9,"column":4},"end":{"line":9,"column":4}}]},"2":{"line":11,"type":"if","locations":[{"start":{"line":11,"column":12},"end":{"line":11,"column":12}},{"start":{"line":11,"column":12},"end":{"line":11,"column":12}}]},"3":{"line":19,"type":"if","locations":[{"start":{"line":19,"column":9},"end":{"line":19,"column":9}},{"start":{"line":19,"column":9},"end":{"line":19,"column":9}}]},"4":{"line":23,"type":"if","locations":[{"start":{"line":23,"column":12},"end":{"line":23,"column":12}},{"start":{"line":23,"column":12},"end":{"line":23,"column":12}}]},"5":{"line":31,"type":"if","locations":[{"start":{"line":31,"column":9},"end":{"line":31,"column":9}},{"start":{"line":31,"column":9},"end":{"line":31,"column":9}}]},"6":{"line":37,"type":"if","locations":[{"start":{"line":37,"column":9},"end":{"line":37,"column":9}},{"start":{"line":37,"column":9},"end":{"line":37,"column":9}}]}}},"/Users/samhouston/Desktop/project/chatto/src/socket.js":{"path":"/Users/samhouston/Desktop/project/chatto/src/socket.js","s":{"1":1,"2":1,"3":1,"4":4,"5":1,"6":1},"b":{},"f":{"1":4,"2":1},"fnMap":{"1":{"name":"(anonymous_1)","line":4,"loc":{"start":{"line":4,"column":20},"end":{"line":4,"column":36}}},"2":{"name":"(anonymous_2)","line":5,"loc":{"start":{"line":5,"column":30},"end":{"line":5,"column":44}}}},"statementMap":{"1":{"start":{"line":1,"column":0},"end":{"line":1,"column":36}},"2":{"start":{"line":2,"column":0},"end":{"line":2,"column":45}},"3":{"start":{"line":4,"column":0},"end":{"line":9,"column":3}},"4":{"start":{"line":5,"column":4},"end":{"line":8,"column":7}},"5":{"start":{"line":6,"column":8},"end":{"line":6,"column":38}},"6":{"start":{"line":11,"column":0},"end":{"line":13,"column":2}}},"branchMap":{}}}