TN:
SF:/Users/samhouston/Desktop/project/chatto/src/redis.js
FN:4,setData
FN:8,getData
FN:9,(anonymous_3)
FNF:3
FNH:0
FNDA:0,setData
FNDA:0,getData
FNDA:0,(anonymous_3)
DA:1,1
DA:2,1
DA:4,1
DA:5,0
DA:8,1
DA:9,0
DA:10,0
DA:11,0
DA:13,0
DA:17,1
LF:10
LH:5
BRDA:10,1,0,0
BRDA:10,1,1,0
BRF:2
BRH:0
end_of_record
TN:
SF:/Users/samhouston/Desktop/project/chatto/src/server.js
FN:7,handler
FN:11,(anonymous_2)
FN:23,(anonymous_3)
FN:39,(anonymous_4)
FNF:4
FNH:0
FNDA:0,handler
FNDA:0,(anonymous_2)
FNDA:0,(anonymous_3)
FNDA:0,(anonymous_4)
DA:1,1
DA:2,1
DA:3,1
DA:4,1
DA:5,1
DA:7,1
DA:8,0
DA:9,0
DA:10,0
DA:11,0
DA:12,0
DA:13,0
DA:15,0
DA:16,0
DA:20,0
DA:21,0
DA:22,0
DA:23,0
DA:24,0
DA:25,0
DA:27,0
DA:28,0
DA:32,0
DA:33,0
DA:34,0
DA:35,0
DA:36,0
DA:38,0
DA:39,0
DA:40,0
DA:41,0
DA:42,0
DA:47,1
DA:49,1
DA:51,1
LF:35
LH:9
BRDA:10,1,0,0
BRDA:10,1,1,0
BRDA:12,2,0,0
BRDA:12,2,1,0
BRDA:20,3,0,0
BRDA:20,3,1,0
BRDA:24,4,0,0
BRDA:24,4,1,0
BRDA:32,5,0,0
BRDA:32,5,1,0
BRDA:38,6,0,0
BRDA:38,6,1,0
BRF:12
BRH:0
end_of_record
TN:
SF:/Users/samhouston/Desktop/project/chatto/src/socket.js
FN:4,(anonymous_1)
FN:5,(anonymous_2)
FNF:2
FNH:0
FNDA:0,(anonymous_1)
FNDA:0,(anonymous_2)
DA:1,1
DA:2,1
DA:4,1
DA:5,0
DA:6,0
DA:11,1
LF:6
LH:4
BRF:0
BRH:0
end_of_record
