TN:
SF:/home/katbow/projects/fac7/chatto/src/redis.js
FN:4,setData
FN:8,getData
FN:9,(anonymous_3)
FNF:3
FNH:3
FNDA:1,setData
FNDA:2,getData
FNDA:2,(anonymous_3)
DA:1,1
DA:2,1
DA:4,1
DA:5,1
DA:8,1
DA:9,2
DA:10,2
DA:11,0
DA:13,2
DA:17,1
LF:10
LH:9
BRDA:10,1,0,0
BRDA:10,1,1,2
BRF:2
BRH:1
end_of_record
TN:
SF:/home/katbow/projects/fac7/chatto/src/server.js
FN:7,handler
FN:11,(anonymous_2)
FN:23,(anonymous_3)
FN:39,(anonymous_4)
FNF:4
FNH:4
FNDA:4,handler
FNDA:2,(anonymous_2)
FNDA:1,(anonymous_3)
FNDA:1,(anonymous_4)
DA:1,1
DA:2,1
DA:3,1
DA:4,1
DA:5,1
DA:7,1
DA:8,4
DA:9,4
DA:10,4
DA:11,2
DA:12,2
DA:13,0
DA:15,2
DA:16,2
DA:20,2
DA:21,1
DA:22,1
DA:23,1
DA:24,1
DA:25,0
DA:27,1
DA:28,1
DA:32,1
DA:33,0
DA:34,0
DA:35,0
DA:36,0
DA:38,1
DA:39,1
DA:40,1
DA:41,1
DA:42,1
DA:47,1
DA:49,1
DA:51,1
DA:56,1
LF:36
LH:30
BRDA:10,1,0,2
BRDA:10,1,1,2
BRDA:12,2,0,0
BRDA:12,2,1,2
BRDA:20,3,0,1
BRDA:20,3,1,1
BRDA:24,4,0,0
BRDA:24,4,1,1
BRDA:32,5,0,0
BRDA:32,5,1,1
BRDA:38,6,0,1
BRDA:38,6,1,0
BRF:12
BRH:8
end_of_record
TN:
SF:/home/katbow/projects/fac7/chatto/src/socket.js
FN:4,(anonymous_1)
FN:5,(anonymous_2)
FNF:2
FNH:2
FNDA:4,(anonymous_1)
FNDA:1,(anonymous_2)
DA:1,1
DA:2,1
DA:4,1
DA:5,4
DA:6,1
DA:11,1
LF:6
LH:6
BRF:0
BRH:0
end_of_record
